#
# There is insufficient memory for the Java Runtime Environment to continue.
# Native memory allocation (malloc) failed to allocate 1716176 bytes for Chunk::new
# Possible reasons:
#   The system is out of physical RAM or swap space
#   The process is running with CompressedOops enabled, and the Java Heap may be blocking the growth of the native heap
# Possible solutions:
#   Reduce memory load on the system
#   Increase physical memory or swap space
#   Check if swap backing store is full
#   Decrease Java heap size (-Xmx/-Xms)
#   Decrease number of Java threads
#   Decrease Java thread stack sizes (-Xss)
#   Set larger code cache with -XX:ReservedCodeCacheSize=
#   JVM is running with Zero Based Compressed Oops mode in which the Java heap is
#     placed in the first 32GB address space. The Java Heap base address is the
#     maximum limit for the native heap growth. Please use -XX:HeapBaseMinAddress
#     to set the Java Heap base and to place the Java Heap above 32GB virtual address.
# This output file may be truncated or incomplete.
#
#  Out of Memory Error (t:/workspace/open/src/hotspot/share/memory/arena.cpp:197), pid=6320, tid=20676
#
# JRE version: OpenJDK Runtime Environment (11.0+28) (build 11+28)
# Java VM: OpenJDK 64-Bit Server VM (11+28, mixed mode, tiered, compressed oops, g1 gc, windows-amd64)
# No core dump will be written. Minidumps are not enabled by default on client versions of Windows
#

---------------  S U M M A R Y ------------

Command Line: -Dcom.sun.management.jmxremote -Dcom.sun.management.jmxremote.port=56162 -Dcom.sun.management.jmxremote.authenticate=false -Dcom.sun.management.jmxremote.ssl=false -Djava.rmi.server.hostname=localhost -Dspring.application.admin.enabled=true -Dspring.jmx.enabled=true -Dfile.encoding=UTF-8 io.itamarc.mymovieslistapi.MymovieslistApiApplication --spring.profiles.active=dev

Host: Intel(R) Core(TM) i7-8565U CPU @ 1.80GHz, 8 cores, 15G,  Windows 10 , 64 bit Build 22000 (10.0.22000.434)
Time: Mon Feb 28 19:37:33 2022 Hora oficial do Brasil elapsed time: 9 seconds (0d 0h 0m 9s)

---------------  T H R E A D  ---------------

Current thread (0x000001688972b000):  JavaThread "C2 CompilerThread1" daemon [_thread_in_native, id=20676, stack(0x0000002b4d300000,0x0000002b4d400000)]


Current CompileTask:
C2:   9642 6394       4       org.springframework.core.annotation.AnnotationsScanner::process (43 bytes)

Stack: [0x0000002b4d300000,0x0000002b4d400000]
Native frames: (J=compiled Java code, j=interpreted, Vv=VM code, C=native code)
V  [jvm.dll+0x63adaa]
V  [jvm.dll+0x77852f]
V  [jvm.dll+0x779b18]
V  [jvm.dll+0x77a1d3]
V  [jvm.dll+0x2624c8]
V  [jvm.dll+0xc5b61]
V  [jvm.dll+0xc60fc]
V  [jvm.dll+0x36e6d7]
V  [jvm.dll+0x1ad66f]
V  [jvm.dll+0x21c472]
V  [jvm.dll+0x21b50a]
V  [jvm.dll+0x198400]
V  [jvm.dll+0x22a4ff]
V  [jvm.dll+0x228b18]
V  [jvm.dll+0x73dc3d]
V  [jvm.dll+0x639e42]
C  [ucrtbase.dll+0x26c0c]
C  [KERNEL32.DLL+0x154e0]
C  [ntdll.dll+0x485b]


---------------  P R O C E S S  ---------------

Threads class SMR info:
_java_thread_list=0x0000016890a7a760, length=26, elements={
0x00000168e413f000, 0x0000016888a52800, 0x0000016888a7e000, 0x0000016888adf800,
0x0000016888ae0800, 0x0000016888a91800, 0x0000016888a96000, 0x0000016888ae9000,
0x00000168ffd1a800, 0x0000016888ce7000, 0x0000016889667800, 0x0000016889649000,
0x0000016889634000, 0x000001688972b000, 0x0000016889683000, 0x0000016889f94800,
0x000001688ba93800, 0x000001688bfb2800, 0x000001689104e800, 0x0000016893df0000,
0x00000168914e4000, 0x0000016894dea000, 0x0000016894718800, 0x0000016894d1c800,
0x0000016894d1b000, 0x0000016894d1b800
}

Java Threads: ( => current thread )
  0x00000168e413f000 JavaThread "main" [_thread_blocked, id=15464, stack(0x0000002b4bf00000,0x0000002b4c000000)]
  0x0000016888a52800 JavaThread "Reference Handler" daemon [_thread_blocked, id=17744, stack(0x0000002b4c600000,0x0000002b4c700000)]
  0x0000016888a7e000 JavaThread "Finalizer" daemon [_thread_blocked, id=7344, stack(0x0000002b4c700000,0x0000002b4c800000)]
  0x0000016888adf800 JavaThread "Signal Dispatcher" daemon [_thread_blocked, id=17300, stack(0x0000002b4c800000,0x0000002b4c900000)]
  0x0000016888ae0800 JavaThread "Attach Listener" daemon [_thread_blocked, id=18328, stack(0x0000002b4c900000,0x0000002b4ca00000)]
  0x0000016888a91800 JavaThread "C2 CompilerThread0" daemon [_thread_in_native, id=22900, stack(0x0000002b4ca00000,0x0000002b4cb00000)]
  0x0000016888a96000 JavaThread "C1 CompilerThread0" daemon [_thread_blocked, id=13648, stack(0x0000002b4cb00000,0x0000002b4cc00000)]
  0x0000016888ae9000 JavaThread "Sweeper thread" daemon [_thread_blocked, id=17908, stack(0x0000002b4cc00000,0x0000002b4cd00000)]
  0x00000168ffd1a800 JavaThread "Common-Cleaner" daemon [_thread_blocked, id=18024, stack(0x0000002b4cd00000,0x0000002b4ce00000)]
  0x0000016888ce7000 JavaThread "Service Thread" daemon [_thread_blocked, id=2036, stack(0x0000002b4ce00000,0x0000002b4cf00000)]
  0x0000016889667800 JavaThread "RMI TCP Accept-0" daemon [_thread_in_native, id=21944, stack(0x0000002b4cf00000,0x0000002b4d000000)]
  0x0000016889649000 JavaThread "RMI TCP Accept-56162" daemon [_thread_in_native, id=3716, stack(0x0000002b4d000000,0x0000002b4d100000)]
  0x0000016889634000 JavaThread "RMI TCP Accept-0" daemon [_thread_in_native, id=18372, stack(0x0000002b4d100000,0x0000002b4d200000)]
=>0x000001688972b000 JavaThread "C2 CompilerThread1" daemon [_thread_in_native, id=20676, stack(0x0000002b4d300000,0x0000002b4d400000)]
  0x0000016889683000 JavaThread "Thread-0" [_thread_blocked, id=19976, stack(0x0000002b4da00000,0x0000002b4db00000)]
  0x0000016889f94800 JavaThread "restartedMain" [_thread_in_vm, id=23076, stack(0x0000002b4db00000,0x0000002b4dc00000)]
  0x000001688ba93800 JavaThread "mysql-cj-abandoned-connection-cleanup" daemon [_thread_blocked, id=17776, stack(0x0000002b4e000000,0x0000002b4e100000)]
  0x000001688bfb2800 JavaThread "HikariPool-1 housekeeper" daemon [_thread_blocked, id=18312, stack(0x0000002b4e100000,0x0000002b4e200000)]
  0x000001689104e800 JavaThread "C2 CompilerThread2" daemon [_thread_in_native, id=9340, stack(0x0000002b4dc00000,0x0000002b4dd00000)]
  0x0000016893df0000 JavaThread "Catalina-utility-1" [_thread_blocked, id=18916, stack(0x0000002b4e300000,0x0000002b4e400000)]
  0x00000168914e4000 JavaThread "Catalina-utility-2" [_thread_blocked, id=23932, stack(0x0000002b4e400000,0x0000002b4e500000)]
  0x0000016894dea000 JavaThread "container-0" [_thread_blocked, id=9476, stack(0x0000002b4e500000,0x0000002b4e600000)]
  0x0000016894718800 JavaThread "Live Reload Server" daemon [_thread_in_native, id=18860, stack(0x0000002b4e700000,0x0000002b4e800000)]
  0x0000016894d1c800 JavaThread "File Watcher" daemon [_thread_blocked, id=24524, stack(0x0000002b4e600000,0x0000002b4e700000)]
  0x0000016894d1b000 JavaThread "http-nio-8080-Poller" daemon [_thread_in_native, id=20264, stack(0x0000002b4e800000,0x0000002b4e900000)]
  0x0000016894d1b800 JavaThread "http-nio-8080-Acceptor" daemon [_thread_in_native, id=23656, stack(0x0000002b4e900000,0x0000002b4ea00000)]

Other Threads:
  0x0000016888a51000 VMThread "VM Thread" [stack: 0x0000002b4c500000,0x0000002b4c600000] [id=5160]
  0x000001688964e800 WatcherThread [stack: 0x0000002b4d200000,0x0000002b4d300000] [id=23316]
  0x00000168e4153800 GCTaskThread "GC Thread#0" [stack: 0x0000002b4c000000,0x0000002b4c100000] [id=5836]
  0x0000016889c1b000 GCTaskThread "GC Thread#1" [stack: 0x0000002b4d400000,0x0000002b4d500000] [id=15608]
  0x00000168899e5000 GCTaskThread "GC Thread#2" [stack: 0x0000002b4d500000,0x0000002b4d600000] [id=24024]
  0x00000168897c7000 GCTaskThread "GC Thread#3" [stack: 0x0000002b4d600000,0x0000002b4d700000] [id=16852]
  0x0000016889a0e000 GCTaskThread "GC Thread#4" [stack: 0x0000002b4d700000,0x0000002b4d800000] [id=20032]
  0x000001688977e000 GCTaskThread "GC Thread#5" [stack: 0x0000002b4d800000,0x0000002b4d900000] [id=10648]
  0x0000016889a0d000 GCTaskThread "GC Thread#6" [stack: 0x0000002b4dd00000,0x0000002b4de00000] [id=18676]
  0x000001688a3fc000 GCTaskThread "GC Thread#7" [stack: 0x0000002b4de00000,0x0000002b4df00000] [id=15984]
  0x00000168e41b1800 ConcurrentGCThread "G1 Main Marker" [stack: 0x0000002b4c100000,0x0000002b4c200000] [id=23452]
  0x00000168e41b3800 ConcurrentGCThread "G1 Conc#0" [stack: 0x0000002b4c200000,0x0000002b4c300000] [id=18828]
  0x00000168897c0800 ConcurrentGCThread "G1 Conc#1" [stack: 0x0000002b4df00000,0x0000002b4e000000] [id=12376]
  0x00000168ffc48800 ConcurrentGCThread "G1 Refine#0" [stack: 0x0000002b4c300000,0x0000002b4c400000] [id=11188]
  0x000001688901c000 ConcurrentGCThread "G1 Refine#1" [stack: 0x0000002b4d900000,0x0000002b4da00000] [id=14976]
  0x00000168ffc49000 ConcurrentGCThread "G1 Young RemSet Sampling" [stack: 0x0000002b4c400000,0x0000002b4c500000] [id=10784]

Threads with active compile tasks:
C2 CompilerThread07324       4       java.lang.Class::annotationData (44 bytes)
C2 CompilerThread16394       4       org.springframework.core.annotation.AnnotationsScanner::process (43 bytes)
C2 CompilerThread28051   !   4       java.lang.reflect.Field::declaredAnnotations (82 bytes)

VM state:not at safepoint (normal execution)

VM Mutex/Monitor currently owned by a thread: None

Heap address: 0x0000000703000000, size: 4048 MB, Compressed Oops mode: Zero based, Oop shift amount: 3
Narrow klass base: 0x0000000800000000, Narrow klass shift: 0
Compressed class space size: 1073741824 Address: 0x0000000800000000

Heap:
 garbage-first heap   total 312320K, used 175259K [0x0000000703000000, 0x0000000800000000)
  region size 1024K, 148 young (151552K), 18 survivors (18432K)
 Metaspace       used 83614K, capacity 86524K, committed 86784K, reserved 1124352K
  class space    used 10795K, capacity 11936K, committed 12032K, reserved 1048576K
Heap Regions: E=young(eden), S=young(survivor), O=old, HS=humongous(starts), HC=humongous(continues), CS=collection set, F=free, A=archive, TAMS=top-at-mark-start (previous, next)
|   0|0x0000000703000000, 0x0000000703100000, 0x0000000703100000|100%|HS|  |TAMS 0x0000000703100000, 0x0000000703000000| Complete 
|   1|0x0000000703100000, 0x0000000703200000, 0x0000000703200000|100%| O|  |TAMS 0x0000000703200000, 0x0000000703100000| Untracked 
|   2|0x0000000703200000, 0x0000000703300000, 0x0000000703300000|100%| O|  |TAMS 0x0000000703300000, 0x0000000703200000| Untracked 
|   3|0x0000000703300000, 0x0000000703400000, 0x0000000703400000|100%| O|  |TAMS 0x0000000703400000, 0x0000000703300000| Untracked 
|   4|0x0000000703400000, 0x0000000703500000, 0x0000000703500000|100%| O|  |TAMS 0x0000000703500000, 0x0000000703400000| Untracked 
|   5|0x0000000703500000, 0x0000000703600000, 0x0000000703600000|100%| O|  |TAMS 0x0000000703600000, 0x0000000703500000| Untracked 
|   6|0x0000000703600000, 0x0000000703700000, 0x0000000703700000|100%| O|  |TAMS 0x0000000703700000, 0x0000000703600000| Untracked 
|   7|0x0000000703700000, 0x0000000703800000, 0x0000000703800000|100%| O|  |TAMS 0x0000000703800000, 0x0000000703700000| Untracked 
|   8|0x0000000703800000, 0x0000000703900000, 0x0000000703900000|100%| O|  |TAMS 0x00000007038c4600, 0x0000000703800000| Untracked 
|   9|0x0000000703900000, 0x0000000703a00000, 0x0000000703a00000|100%| O|  |TAMS 0x0000000703900000, 0x0000000703900000| Untracked 
|  10|0x0000000703a00000, 0x0000000703b00000, 0x0000000703b00000|100%| O|  |TAMS 0x0000000703a00000, 0x0000000703a00000| Untracked 
|  11|0x0000000703b00000, 0x0000000703c00000, 0x0000000703c00000|100%| O|  |TAMS 0x0000000703b00000, 0x0000000703b00000| Untracked 
|  12|0x0000000703c00000, 0x0000000703d00000, 0x0000000703d00000|100%| O|  |TAMS 0x0000000703c00000, 0x0000000703c00000| Untracked 
|  13|0x0000000703d00000, 0x0000000703e00000, 0x0000000703e00000|100%| O|  |TAMS 0x0000000703d00000, 0x0000000703d00000| Untracked 
|  14|0x0000000703e00000, 0x0000000703f00000, 0x0000000703f00000|100%| O|  |TAMS 0x0000000703e00000, 0x0000000703e00000| Untracked 
|  15|0x0000000703f00000, 0x0000000704000000, 0x0000000704000000|100%| O|  |TAMS 0x0000000703f00000, 0x0000000703f00000| Untracked 
|  16|0x0000000704000000, 0x0000000704100000, 0x0000000704100000|100%| O|  |TAMS 0x0000000704000000, 0x0000000704000000| Untracked 
|  17|0x0000000704100000, 0x0000000704200000, 0x0000000704200000|100%| O|  |TAMS 0x0000000704100000, 0x0000000704100000| Untracked 
|  18|0x0000000704200000, 0x0000000704300000, 0x0000000704300000|100%| O|  |TAMS 0x0000000704200000, 0x0000000704200000| Untracked 
|  19|0x0000000704300000, 0x0000000704400000, 0x0000000704400000|100%| O|  |TAMS 0x0000000704300000, 0x0000000704300000| Untracked 
|  20|0x0000000704400000, 0x0000000704500000, 0x0000000704500000|100%| O|  |TAMS 0x0000000704400000, 0x0000000704400000| Untracked 
|  21|0x0000000704500000, 0x0000000704600000, 0x0000000704600000|100%| O|  |TAMS 0x0000000704500000, 0x0000000704500000| Untracked 
|  22|0x0000000704600000, 0x0000000704700000, 0x0000000704700000|100%| O|  |TAMS 0x0000000704600000, 0x0000000704600000| Untracked 
|  23|0x0000000704700000, 0x0000000704800000, 0x0000000704800000|100%| O|  |TAMS 0x0000000704700000, 0x0000000704700000| Untracked 
|  24|0x0000000704800000, 0x000000070484ca00, 0x0000000704900000| 29%| O|  |TAMS 0x0000000704800000, 0x0000000704800000| Untracked 
|  25|0x0000000704900000, 0x0000000704900000, 0x0000000704a00000|  0%| F|  |TAMS 0x0000000704900000, 0x0000000704900000| Untracked 
|  26|0x0000000704a00000, 0x0000000704a00000, 0x0000000704b00000|  0%| F|  |TAMS 0x0000000704a00000, 0x0000000704a00000| Untracked 
|  27|0x0000000704b00000, 0x0000000704b00000, 0x0000000704c00000|  0%| F|  |TAMS 0x0000000704b00000, 0x0000000704b00000| Untracked 
|  28|0x0000000704c00000, 0x0000000704c00000, 0x0000000704d00000|  0%| F|  |TAMS 0x0000000704c00000, 0x0000000704c00000| Untracked 
|  29|0x0000000704d00000, 0x0000000704d00000, 0x0000000704e00000|  0%| F|  |TAMS 0x0000000704d00000, 0x0000000704d00000| Untracked 
|  30|0x0000000704e00000, 0x0000000704e00000, 0x0000000704f00000|  0%| F|  |TAMS 0x0000000704e00000, 0x0000000704e00000| Untracked 
|  31|0x0000000704f00000, 0x0000000704f00000, 0x0000000705000000|  0%| F|  |TAMS 0x0000000704f00000, 0x0000000704f00000| Untracked 
|  32|0x0000000705000000, 0x0000000705000000, 0x0000000705100000|  0%| F|  |TAMS 0x0000000705000000, 0x0000000705000000| Untracked 
|  33|0x0000000705100000, 0x0000000705100000, 0x0000000705200000|  0%| F|  |TAMS 0x0000000705100000, 0x0000000705100000| Untracked 
|  34|0x0000000705200000, 0x0000000705200000, 0x0000000705300000|  0%| F|  |TAMS 0x0000000705200000, 0x0000000705200000| Untracked 
|  35|0x0000000705300000, 0x0000000705300000, 0x0000000705400000|  0%| F|  |TAMS 0x0000000705300000, 0x0000000705300000| Untracked 
|  36|0x0000000705400000, 0x0000000705400000, 0x0000000705500000|  0%| F|  |TAMS 0x0000000705400000, 0x0000000705400000| Untracked 
|  37|0x0000000705500000, 0x0000000705500000, 0x0000000705600000|  0%| F|  |TAMS 0x0000000705500000, 0x0000000705500000| Untracked 
|  38|0x0000000705600000, 0x0000000705600000, 0x0000000705700000|  0%| F|  |TAMS 0x0000000705600000, 0x0000000705600000| Untracked 
|  39|0x0000000705700000, 0x0000000705700000, 0x0000000705800000|  0%| F|  |TAMS 0x0000000705700000, 0x0000000705700000| Untracked 
|  40|0x0000000705800000, 0x0000000705800000, 0x0000000705900000|  0%| F|  |TAMS 0x0000000705800000, 0x0000000705800000| Untracked 
|  41|0x0000000705900000, 0x0000000705900000, 0x0000000705a00000|  0%| F|  |TAMS 0x0000000705900000, 0x0000000705900000| Untracked 
|  42|0x0000000705a00000, 0x0000000705a00000, 0x0000000705b00000|  0%| F|  |TAMS 0x0000000705a00000, 0x0000000705a00000| Untracked 
|  43|0x0000000705b00000, 0x0000000705b00000, 0x0000000705c00000|  0%| F|  |TAMS 0x0000000705b00000, 0x0000000705b00000| Untracked 
|  44|0x0000000705c00000, 0x0000000705c00000, 0x0000000705d00000|  0%| F|  |TAMS 0x0000000705c00000, 0x0000000705c00000| Untracked 
|  45|0x0000000705d00000, 0x0000000705d00000, 0x0000000705e00000|  0%| F|  |TAMS 0x0000000705d00000, 0x0000000705d00000| Untracked 
|  46|0x0000000705e00000, 0x0000000705e00000, 0x0000000705f00000|  0%| F|  |TAMS 0x0000000705e00000, 0x0000000705e00000| Untracked 
|  47|0x0000000705f00000, 0x0000000705f00000, 0x0000000706000000|  0%| F|  |TAMS 0x0000000705f00000, 0x0000000705f00000| Untracked 
|  48|0x0000000706000000, 0x0000000706000000, 0x0000000706100000|  0%| F|  |TAMS 0x0000000706000000, 0x0000000706000000| Untracked 
|  49|0x0000000706100000, 0x0000000706100000, 0x0000000706200000|  0%| F|  |TAMS 0x0000000706100000, 0x0000000706100000| Untracked 
|  50|0x0000000706200000, 0x0000000706200000, 0x0000000706300000|  0%| F|  |TAMS 0x0000000706200000, 0x0000000706200000| Untracked 
|  51|0x0000000706300000, 0x0000000706300000, 0x0000000706400000|  0%| F|  |TAMS 0x0000000706300000, 0x0000000706300000| Untracked 
|  52|0x0000000706400000, 0x0000000706400000, 0x0000000706500000|  0%| F|  |TAMS 0x0000000706400000, 0x0000000706400000| Untracked 
|  53|0x0000000706500000, 0x0000000706500000, 0x0000000706600000|  0%| F|  |TAMS 0x0000000706500000, 0x0000000706500000| Untracked 
|  54|0x0000000706600000, 0x0000000706600000, 0x0000000706700000|  0%| F|  |TAMS 0x0000000706600000, 0x0000000706600000| Untracked 
|  55|0x0000000706700000, 0x0000000706700000, 0x0000000706800000|  0%| F|  |TAMS 0x0000000706700000, 0x0000000706700000| Untracked 
|  56|0x0000000706800000, 0x0000000706800000, 0x0000000706900000|  0%| F|  |TAMS 0x0000000706800000, 0x0000000706800000| Untracked 
|  57|0x0000000706900000, 0x0000000706900000, 0x0000000706a00000|  0%| F|  |TAMS 0x0000000706900000, 0x0000000706900000| Untracked 
|  58|0x0000000706a00000, 0x0000000706a00000, 0x0000000706b00000|  0%| F|  |TAMS 0x0000000706a00000, 0x0000000706a00000| Untracked 
|  59|0x0000000706b00000, 0x0000000706b00000, 0x0000000706c00000|  0%| F|  |TAMS 0x0000000706b00000, 0x0000000706b00000| Untracked 
|  60|0x0000000706c00000, 0x0000000706c00000, 0x0000000706d00000|  0%| F|  |TAMS 0x0000000706c00000, 0x0000000706c00000| Untracked 
|  61|0x0000000706d00000, 0x0000000706d00000, 0x0000000706e00000|  0%| F|  |TAMS 0x0000000706d00000, 0x0000000706d00000| Untracked 
|  62|0x0000000706e00000, 0x0000000706e00000, 0x0000000706f00000|  0%| F|  |TAMS 0x0000000706e00000, 0x0000000706e00000| Untracked 
|  63|0x0000000706f00000, 0x0000000706f00000, 0x0000000707000000|  0%| F|  |TAMS 0x0000000706f00000, 0x0000000706f00000| Untracked 
|  64|0x0000000707000000, 0x0000000707000000, 0x0000000707100000|  0%| F|  |TAMS 0x0000000707000000, 0x0000000707000000| Untracked 
|  65|0x0000000707100000, 0x0000000707100000, 0x0000000707200000|  0%| F|  |TAMS 0x0000000707100000, 0x0000000707100000| Untracked 
|  66|0x0000000707200000, 0x0000000707200000, 0x0000000707300000|  0%| F|  |TAMS 0x0000000707200000, 0x0000000707200000| Untracked 
|  67|0x0000000707300000, 0x0000000707300000, 0x0000000707400000|  0%| F|  |TAMS 0x0000000707300000, 0x0000000707300000| Untracked 
|  68|0x0000000707400000, 0x0000000707400000, 0x0000000707500000|  0%| F|  |TAMS 0x0000000707400000, 0x0000000707400000| Untracked 
|  69|0x0000000707500000, 0x0000000707500000, 0x0000000707600000|  0%| F|  |TAMS 0x0000000707500000, 0x0000000707500000| Untracked 
|  70|0x0000000707600000, 0x0000000707600000, 0x0000000707700000|  0%| F|  |TAMS 0x0000000707600000, 0x0000000707600000| Untracked 
|  71|0x0000000707700000, 0x0000000707700000, 0x0000000707800000|  0%| F|  |TAMS 0x0000000707700000, 0x0000000707700000| Untracked 
|  72|0x0000000707800000, 0x0000000707800000, 0x0000000707900000|  0%| F|  |TAMS 0x0000000707800000, 0x0000000707800000| Untracked 
|  73|0x0000000707900000, 0x0000000707900000, 0x0000000707a00000|  0%| F|  |TAMS 0x0000000707900000, 0x0000000707900000| Untracked 
|  74|0x0000000707a00000, 0x0000000707a00000, 0x0000000707b00000|  0%| F|  |TAMS 0x0000000707a00000, 0x0000000707a00000| Untracked 
|  75|0x0000000707b00000, 0x0000000707b00000, 0x0000000707c00000|  0%| F|  |TAMS 0x0000000707b00000, 0x0000000707b00000| Untracked 
|  76|0x0000000707c00000, 0x0000000707c00000, 0x0000000707d00000|  0%| F|  |TAMS 0x0000000707c00000, 0x0000000707c00000| Untracked 
|  77|0x0000000707d00000, 0x0000000707d00000, 0x0000000707e00000|  0%| F|  |TAMS 0x0000000707d00000, 0x0000000707d00000| Untracked 
|  78|0x0000000707e00000, 0x0000000707e00000, 0x0000000707f00000|  0%| F|  |TAMS 0x0000000707e00000, 0x0000000707e00000| Untracked 
|  79|0x0000000707f00000, 0x0000000707f00000, 0x0000000708000000|  0%| F|  |TAMS 0x0000000707f00000, 0x0000000707f00000| Untracked 
|  80|0x0000000708000000, 0x0000000708000000, 0x0000000708100000|  0%| F|  |TAMS 0x0000000708000000, 0x0000000708000000| Untracked 
|  81|0x0000000708100000, 0x0000000708100000, 0x0000000708200000|  0%| F|  |TAMS 0x0000000708100000, 0x0000000708100000| Untracked 
|  82|0x0000000708200000, 0x0000000708200000, 0x0000000708300000|  0%| F|  |TAMS 0x0000000708200000, 0x0000000708200000| Untracked 
|  83|0x0000000708300000, 0x0000000708300000, 0x0000000708400000|  0%| F|  |TAMS 0x0000000708300000, 0x0000000708300000| Untracked 
|  84|0x0000000708400000, 0x0000000708400000, 0x0000000708500000|  0%| F|  |TAMS 0x0000000708400000, 0x0000000708400000| Untracked 
|  85|0x0000000708500000, 0x0000000708500000, 0x0000000708600000|  0%| F|  |TAMS 0x0000000708500000, 0x0000000708500000| Untracked 
|  86|0x0000000708600000, 0x0000000708600000, 0x0000000708700000|  0%| F|  |TAMS 0x0000000708600000, 0x0000000708600000| Untracked 
|  87|0x0000000708700000, 0x0000000708700000, 0x0000000708800000|  0%| F|  |TAMS 0x0000000708700000, 0x0000000708700000| Untracked 
|  88|0x0000000708800000, 0x0000000708800000, 0x0000000708900000|  0%| F|  |TAMS 0x0000000708800000, 0x0000000708800000| Untracked 
|  89|0x0000000708900000, 0x0000000708900000, 0x0000000708a00000|  0%| F|  |TAMS 0x0000000708900000, 0x0000000708900000| Untracked 
|  90|0x0000000708a00000, 0x0000000708a00000, 0x0000000708b00000|  0%| F|  |TAMS 0x0000000708a00000, 0x0000000708a00000| Untracked 
|  91|0x0000000708b00000, 0x0000000708b00000, 0x0000000708c00000|  0%| F|  |TAMS 0x0000000708b00000, 0x0000000708b00000| Untracked 
|  92|0x0000000708c00000, 0x0000000708c00000, 0x0000000708d00000|  0%| F|  |TAMS 0x0000000708c00000, 0x0000000708c00000| Untracked 
|  93|0x0000000708d00000, 0x0000000708d00000, 0x0000000708e00000|  0%| F|  |TAMS 0x0000000708d00000, 0x0000000708d00000| Untracked 
|  94|0x0000000708e00000, 0x0000000708e00000, 0x0000000708f00000|  0%| F|  |TAMS 0x0000000708e00000, 0x0000000708e00000| Untracked 
|  95|0x0000000708f00000, 0x0000000708f00000, 0x0000000709000000|  0%| F|  |TAMS 0x0000000708f00000, 0x0000000708f00000| Untracked 
|  96|0x0000000709000000, 0x0000000709000000, 0x0000000709100000|  0%| F|  |TAMS 0x0000000709000000, 0x0000000709000000| Untracked 
|  97|0x0000000709100000, 0x0000000709100000, 0x0000000709200000|  0%| F|  |TAMS 0x0000000709100000, 0x0000000709100000| Untracked 
|  98|0x0000000709200000, 0x0000000709200000, 0x0000000709300000|  0%| F|  |TAMS 0x0000000709200000, 0x0000000709200000| Untracked 
|  99|0x0000000709300000, 0x0000000709300000, 0x0000000709400000|  0%| F|  |TAMS 0x0000000709300000, 0x0000000709300000| Untracked 
| 100|0x0000000709400000, 0x0000000709400000, 0x0000000709500000|  0%| F|  |TAMS 0x0000000709400000, 0x0000000709400000| Untracked 
| 101|0x0000000709500000, 0x0000000709500000, 0x0000000709600000|  0%| F|  |TAMS 0x0000000709500000, 0x0000000709500000| Untracked 
| 102|0x0000000709600000, 0x0000000709600000, 0x0000000709700000|  0%| F|  |TAMS 0x0000000709600000, 0x0000000709600000| Untracked 
| 103|0x0000000709700000, 0x0000000709700000, 0x0000000709800000|  0%| F|  |TAMS 0x0000000709700000, 0x0000000709700000| Untracked 
| 104|0x0000000709800000, 0x0000000709800000, 0x0000000709900000|  0%| F|  |TAMS 0x0000000709800000, 0x0000000709800000| Untracked 
| 105|0x0000000709900000, 0x0000000709900000, 0x0000000709a00000|  0%| F|  |TAMS 0x0000000709900000, 0x0000000709900000| Untracked 
| 106|0x0000000709a00000, 0x0000000709a00000, 0x0000000709b00000|  0%| F|  |TAMS 0x0000000709a00000, 0x0000000709a00000| Untracked 
| 107|0x0000000709b00000, 0x0000000709b00000, 0x0000000709c00000|  0%| F|  |TAMS 0x0000000709b00000, 0x0000000709b00000| Untracked 
| 108|0x0000000709c00000, 0x0000000709c00000, 0x0000000709d00000|  0%| F|  |TAMS 0x0000000709c00000, 0x0000000709c00000| Untracked 
| 109|0x0000000709d00000, 0x0000000709d00000, 0x0000000709e00000|  0%| F|  |TAMS 0x0000000709d00000, 0x0000000709d00000| Untracked 
| 110|0x0000000709e00000, 0x0000000709e00000, 0x0000000709f00000|  0%| F|  |TAMS 0x0000000709e00000, 0x0000000709e00000| Untracked 
| 111|0x0000000709f00000, 0x0000000709f00000, 0x000000070a000000|  0%| F|  |TAMS 0x0000000709f00000, 0x0000000709f00000| Untracked 
| 112|0x000000070a000000, 0x000000070a000000, 0x000000070a100000|  0%| F|  |TAMS 0x000000070a000000, 0x000000070a000000| Untracked 
| 113|0x000000070a100000, 0x000000070a100000, 0x000000070a200000|  0%| F|  |TAMS 0x000000070a100000, 0x000000070a100000| Untracked 
| 114|0x000000070a200000, 0x000000070a200000, 0x000000070a300000|  0%| F|  |TAMS 0x000000070a200000, 0x000000070a200000| Untracked 
| 115|0x000000070a300000, 0x000000070a300000, 0x000000070a400000|  0%| F|  |TAMS 0x000000070a300000, 0x000000070a300000| Untracked 
| 116|0x000000070a400000, 0x000000070a400000, 0x000000070a500000|  0%| F|  |TAMS 0x000000070a400000, 0x000000070a400000| Untracked 
| 117|0x000000070a500000, 0x000000070a500000, 0x000000070a600000|  0%| F|  |TAMS 0x000000070a500000, 0x000000070a500000| Untracked 
| 118|0x000000070a600000, 0x000000070a600000, 0x000000070a700000|  0%| F|  |TAMS 0x000000070a600000, 0x000000070a600000| Untracked 
| 119|0x000000070a700000, 0x000000070a700000, 0x000000070a800000|  0%| F|  |TAMS 0x000000070a700000, 0x000000070a700000| Untracked 
| 120|0x000000070a800000, 0x000000070a800000, 0x000000070a900000|  0%| F|  |TAMS 0x000000070a800000, 0x000000070a800000| Untracked 
| 121|0x000000070a900000, 0x000000070a900000, 0x000000070aa00000|  0%| F|  |TAMS 0x000000070a900000, 0x000000070a900000| Untracked 
| 122|0x000000070aa00000, 0x000000070aa00000, 0x000000070ab00000|  0%| F|  |TAMS 0x000000070aa00000, 0x000000070aa00000| Untracked 
| 123|0x000000070ab00000, 0x000000070ab00000, 0x000000070ac00000|  0%| F|  |TAMS 0x000000070ab00000, 0x000000070ab00000| Untracked 
| 124|0x000000070ac00000, 0x000000070acda250, 0x000000070ad00000| 85%| S|CS|TAMS 0x000000070ac00000, 0x000000070ac00000| Complete 
| 125|0x000000070ad00000, 0x000000070ae00000, 0x000000070ae00000|100%| S|CS|TAMS 0x000000070ad00000, 0x000000070ad00000| Complete 
| 126|0x000000070ae00000, 0x000000070af00000, 0x000000070af00000|100%| S|CS|TAMS 0x000000070ae00000, 0x000000070ae00000| Complete 
| 127|0x000000070af00000, 0x000000070b000000, 0x000000070b000000|100%| S|CS|TAMS 0x000000070af00000, 0x000000070af00000| Complete 
| 128|0x000000070b000000, 0x000000070b100000, 0x000000070b100000|100%| S|CS|TAMS 0x000000070b000000, 0x000000070b000000| Complete 
| 129|0x000000070b100000, 0x000000070b200000, 0x000000070b200000|100%| S|CS|TAMS 0x000000070b100000, 0x000000070b100000| Complete 
| 130|0x000000070b200000, 0x000000070b300000, 0x000000070b300000|100%| S|CS|TAMS 0x000000070b200000, 0x000000070b200000| Complete 
| 131|0x000000070b300000, 0x000000070b400000, 0x000000070b400000|100%| S|CS|TAMS 0x000000070b300000, 0x000000070b300000| Complete 
| 132|0x000000070b400000, 0x000000070b500000, 0x000000070b500000|100%| S|CS|TAMS 0x000000070b400000, 0x000000070b400000| Complete 
| 133|0x000000070b500000, 0x000000070b600000, 0x000000070b600000|100%| S|CS|TAMS 0x000000070b500000, 0x000000070b500000| Complete 
| 134|0x000000070b600000, 0x000000070b700000, 0x000000070b700000|100%| S|CS|TAMS 0x000000070b600000, 0x000000070b600000| Complete 
| 135|0x000000070b700000, 0x000000070b800000, 0x000000070b800000|100%| S|CS|TAMS 0x000000070b700000, 0x000000070b700000| Complete 
| 136|0x000000070b800000, 0x000000070b900000, 0x000000070b900000|100%| S|CS|TAMS 0x000000070b800000, 0x000000070b800000| Complete 
| 137|0x000000070b900000, 0x000000070ba00000, 0x000000070ba00000|100%| S|CS|TAMS 0x000000070b900000, 0x000000070b900000| Complete 
| 138|0x000000070ba00000, 0x000000070bb00000, 0x000000070bb00000|100%| S|CS|TAMS 0x000000070ba00000, 0x000000070ba00000| Complete 
| 139|0x000000070bb00000, 0x000000070bc00000, 0x000000070bc00000|100%| S|CS|TAMS 0x000000070bb00000, 0x000000070bb00000| Complete 
| 140|0x000000070bc00000, 0x000000070bd00000, 0x000000070bd00000|100%| S|CS|TAMS 0x000000070bc00000, 0x000000070bc00000| Complete 
| 141|0x000000070bd00000, 0x000000070be00000, 0x000000070be00000|100%| S|CS|TAMS 0x000000070bd00000, 0x000000070bd00000| Complete 
| 142|0x000000070be00000, 0x000000070be00000, 0x000000070bf00000|  0%| F|  |TAMS 0x000000070be00000, 0x000000070be00000| Untracked 
| 143|0x000000070bf00000, 0x000000070bf00000, 0x000000070c000000|  0%| F|  |TAMS 0x000000070bf00000, 0x000000070bf00000| Untracked 
| 144|0x000000070c000000, 0x000000070c000000, 0x000000070c100000|  0%| F|  |TAMS 0x000000070c000000, 0x000000070c000000| Untracked 
| 145|0x000000070c100000, 0x000000070c100000, 0x000000070c200000|  0%| F|  |TAMS 0x000000070c100000, 0x000000070c100000| Untracked 
| 146|0x000000070c200000, 0x000000070c200000, 0x000000070c300000|  0%| F|  |TAMS 0x000000070c200000, 0x000000070c200000| Untracked 
| 147|0x000000070c300000, 0x000000070c300000, 0x000000070c400000|  0%| F|  |TAMS 0x000000070c300000, 0x000000070c300000| Untracked 
| 148|0x000000070c400000, 0x000000070c400000, 0x000000070c500000|  0%| F|  |TAMS 0x000000070c400000, 0x000000070c400000| Untracked 
| 149|0x000000070c500000, 0x000000070c500000, 0x000000070c600000|  0%| F|  |TAMS 0x000000070c500000, 0x000000070c500000| Untracked 
| 150|0x000000070c600000, 0x000000070c600000, 0x000000070c700000|  0%| F|  |TAMS 0x000000070c600000, 0x000000070c600000| Untracked 
| 151|0x000000070c700000, 0x000000070c700000, 0x000000070c800000|  0%| F|  |TAMS 0x000000070c700000, 0x000000070c700000| Untracked 
| 152|0x000000070c800000, 0x000000070c800000, 0x000000070c900000|  0%| F|  |TAMS 0x000000070c800000, 0x000000070c800000| Untracked 
| 153|0x000000070c900000, 0x000000070c900000, 0x000000070ca00000|  0%| F|  |TAMS 0x000000070c900000, 0x000000070c900000| Untracked 
| 154|0x000000070ca00000, 0x000000070ca00000, 0x000000070cb00000|  0%| F|  |TAMS 0x000000070ca00000, 0x000000070ca00000| Untracked 
| 155|0x000000070cb00000, 0x000000070cb00000, 0x000000070cc00000|  0%| F|  |TAMS 0x000000070cb00000, 0x000000070cb00000| Untracked 
| 156|0x000000070cc00000, 0x000000070cc00000, 0x000000070cd00000|  0%| F|  |TAMS 0x000000070cc00000, 0x000000070cc00000| Untracked 
| 157|0x000000070cd00000, 0x000000070cd00000, 0x000000070ce00000|  0%| F|  |TAMS 0x000000070cd00000, 0x000000070cd00000| Untracked 
| 158|0x000000070ce00000, 0x000000070ce00000, 0x000000070cf00000|  0%| F|  |TAMS 0x000000070ce00000, 0x000000070ce00000| Untracked 
| 159|0x000000070cf00000, 0x000000070cf00000, 0x000000070d000000|  0%| F|  |TAMS 0x000000070cf00000, 0x000000070cf00000| Untracked 
| 160|0x000000070d000000, 0x000000070d000000, 0x000000070d100000|  0%| F|  |TAMS 0x000000070d000000, 0x000000070d000000| Untracked 
| 161|0x000000070d100000, 0x000000070d100000, 0x000000070d200000|  0%| F|  |TAMS 0x000000070d100000, 0x000000070d100000| Untracked 
| 162|0x000000070d200000, 0x000000070d200000, 0x000000070d300000|  0%| F|  |TAMS 0x000000070d200000, 0x000000070d200000| Untracked 
| 163|0x000000070d300000, 0x000000070d300000, 0x000000070d400000|  0%| F|  |TAMS 0x000000070d300000, 0x000000070d300000| Untracked 
| 164|0x000000070d400000, 0x000000070d400000, 0x000000070d500000|  0%| F|  |TAMS 0x000000070d400000, 0x000000070d400000| Untracked 
| 165|0x000000070d500000, 0x000000070d500000, 0x000000070d600000|  0%| F|  |TAMS 0x000000070d500000, 0x000000070d500000| Untracked 
| 166|0x000000070d600000, 0x000000070d600000, 0x000000070d700000|  0%| F|  |TAMS 0x000000070d600000, 0x000000070d600000| Untracked 
| 167|0x000000070d700000, 0x000000070d700000, 0x000000070d800000|  0%| F|  |TAMS 0x000000070d700000, 0x000000070d700000| Untracked 
| 168|0x000000070d800000, 0x000000070d800000, 0x000000070d900000|  0%| F|  |TAMS 0x000000070d800000, 0x000000070d800000| Untracked 
| 169|0x000000070d900000, 0x000000070d900000, 0x000000070da00000|  0%| F|  |TAMS 0x000000070d900000, 0x000000070d900000| Untracked 
| 170|0x000000070da00000, 0x000000070da00000, 0x000000070db00000|  0%| F|  |TAMS 0x000000070da00000, 0x000000070da00000| Untracked 
| 171|0x000000070db00000, 0x000000070db00000, 0x000000070dc00000|  0%| F|  |TAMS 0x000000070db00000, 0x000000070db00000| Untracked 
| 172|0x000000070dc00000, 0x000000070dc00000, 0x000000070dd00000|  0%| F|  |TAMS 0x000000070dc00000, 0x000000070dc00000| Untracked 
| 173|0x000000070dd00000, 0x000000070dd00000, 0x000000070de00000|  0%| F|  |TAMS 0x000000070dd00000, 0x000000070dd00000| Untracked 
| 174|0x000000070de00000, 0x000000070de846a0, 0x000000070df00000| 51%| E|  |TAMS 0x000000070de00000, 0x000000070de00000| Complete 
| 175|0x000000070df00000, 0x000000070e000000, 0x000000070e000000|100%| E|CS|TAMS 0x000000070df00000, 0x000000070df00000| Complete 
| 176|0x000000070e000000, 0x000000070e100000, 0x000000070e100000|100%| E|CS|TAMS 0x000000070e000000, 0x000000070e000000| Complete 
| 177|0x000000070e100000, 0x000000070e200000, 0x000000070e200000|100%| E|CS|TAMS 0x000000070e100000, 0x000000070e100000| Complete 
| 178|0x000000070e200000, 0x000000070e300000, 0x000000070e300000|100%| E|CS|TAMS 0x000000070e200000, 0x000000070e200000| Complete 
| 179|0x000000070e300000, 0x000000070e400000, 0x000000070e400000|100%| E|CS|TAMS 0x000000070e300000, 0x000000070e300000| Complete 
| 180|0x000000070e400000, 0x000000070e500000, 0x000000070e500000|100%| E|CS|TAMS 0x000000070e400000, 0x000000070e400000| Complete 
| 181|0x000000070e500000, 0x000000070e600000, 0x000000070e600000|100%| E|CS|TAMS 0x000000070e500000, 0x000000070e500000| Complete 
| 182|0x000000070e600000, 0x000000070e700000, 0x000000070e700000|100%| E|CS|TAMS 0x000000070e600000, 0x000000070e600000| Complete 
| 183|0x000000070e700000, 0x000000070e800000, 0x000000070e800000|100%| E|CS|TAMS 0x000000070e700000, 0x000000070e700000| Complete 
| 184|0x000000070e800000, 0x000000070e900000, 0x000000070e900000|100%| E|CS|TAMS 0x000000070e800000, 0x000000070e800000| Complete 
| 185|0x000000070e900000, 0x000000070ea00000, 0x000000070ea00000|100%| E|CS|TAMS 0x000000070e900000, 0x000000070e900000| Complete 
| 186|0x000000070ea00000, 0x000000070eb00000, 0x000000070eb00000|100%| E|CS|TAMS 0x000000070ea00000, 0x000000070ea00000| Complete 
| 187|0x000000070eb00000, 0x000000070ec00000, 0x000000070ec00000|100%| E|CS|TAMS 0x000000070eb00000, 0x000000070eb00000| Complete 
| 188|0x000000070ec00000, 0x000000070ed00000, 0x000000070ed00000|100%| E|CS|TAMS 0x000000070ec00000, 0x000000070ec00000| Complete 
| 189|0x000000070ed00000, 0x000000070ee00000, 0x000000070ee00000|100%| E|CS|TAMS 0x000000070ed00000, 0x000000070ed00000| Complete 
| 190|0x000000070ee00000, 0x000000070ef00000, 0x000000070ef00000|100%| E|CS|TAMS 0x000000070ee00000, 0x000000070ee00000| Complete 
| 191|0x000000070ef00000, 0x000000070f000000, 0x000000070f000000|100%| E|CS|TAMS 0x000000070ef00000, 0x000000070ef00000| Complete 
| 192|0x000000070f000000, 0x000000070f100000, 0x000000070f100000|100%| E|CS|TAMS 0x000000070f000000, 0x000000070f000000| Complete 
| 193|0x000000070f100000, 0x000000070f200000, 0x000000070f200000|100%| E|CS|TAMS 0x000000070f100000, 0x000000070f100000| Complete 
| 194|0x000000070f200000, 0x000000070f300000, 0x000000070f300000|100%| E|CS|TAMS 0x000000070f200000, 0x000000070f200000| Complete 
| 195|0x000000070f300000, 0x000000070f400000, 0x000000070f400000|100%| E|CS|TAMS 0x000000070f300000, 0x000000070f300000| Complete 
| 196|0x000000070f400000, 0x000000070f500000, 0x000000070f500000|100%| E|CS|TAMS 0x000000070f400000, 0x000000070f400000| Complete 
| 197|0x000000070f500000, 0x000000070f600000, 0x000000070f600000|100%| E|CS|TAMS 0x000000070f500000, 0x000000070f500000| Complete 
| 198|0x000000070f600000, 0x000000070f700000, 0x000000070f700000|100%| E|CS|TAMS 0x000000070f600000, 0x000000070f600000| Complete 
| 199|0x000000070f700000, 0x000000070f800000, 0x000000070f800000|100%| E|CS|TAMS 0x000000070f700000, 0x000000070f700000| Complete 
| 200|0x000000070f800000, 0x000000070f900000, 0x000000070f900000|100%| E|CS|TAMS 0x000000070f800000, 0x000000070f800000| Complete 
| 201|0x000000070f900000, 0x000000070fa00000, 0x000000070fa00000|100%| E|CS|TAMS 0x000000070f900000, 0x000000070f900000| Complete 
| 202|0x000000070fa00000, 0x000000070fb00000, 0x000000070fb00000|100%| E|CS|TAMS 0x000000070fa00000, 0x000000070fa00000| Complete 
| 203|0x000000070fb00000, 0x000000070fc00000, 0x000000070fc00000|100%| E|CS|TAMS 0x000000070fb00000, 0x000000070fb00000| Complete 
| 204|0x000000070fc00000, 0x000000070fd00000, 0x000000070fd00000|100%| E|CS|TAMS 0x000000070fc00000, 0x000000070fc00000| Complete 
| 205|0x000000070fd00000, 0x000000070fe00000, 0x000000070fe00000|100%| E|CS|TAMS 0x000000070fd00000, 0x000000070fd00000| Complete 
| 206|0x000000070fe00000, 0x000000070ff00000, 0x000000070ff00000|100%| E|CS|TAMS 0x000000070fe00000, 0x000000070fe00000| Complete 
| 207|0x000000070ff00000, 0x0000000710000000, 0x0000000710000000|100%| E|CS|TAMS 0x000000070ff00000, 0x000000070ff00000| Complete 
| 208|0x0000000710000000, 0x0000000710100000, 0x0000000710100000|100%| E|CS|TAMS 0x0000000710000000, 0x0000000710000000| Complete 
| 209|0x0000000710100000, 0x0000000710200000, 0x0000000710200000|100%| E|CS|TAMS 0x0000000710100000, 0x0000000710100000| Complete 
| 210|0x0000000710200000, 0x0000000710300000, 0x0000000710300000|100%| E|CS|TAMS 0x0000000710200000, 0x0000000710200000| Complete 
| 211|0x0000000710300000, 0x0000000710400000, 0x0000000710400000|100%| E|CS|TAMS 0x0000000710300000, 0x0000000710300000| Complete 
| 212|0x0000000710400000, 0x0000000710500000, 0x0000000710500000|100%| E|CS|TAMS 0x0000000710400000, 0x0000000710400000| Complete 
| 213|0x0000000710500000, 0x0000000710600000, 0x0000000710600000|100%| E|CS|TAMS 0x0000000710500000, 0x0000000710500000| Complete 
| 214|0x0000000710600000, 0x0000000710700000, 0x0000000710700000|100%| E|CS|TAMS 0x0000000710600000, 0x0000000710600000| Complete 
| 215|0x0000000710700000, 0x0000000710800000, 0x0000000710800000|100%| E|CS|TAMS 0x0000000710700000, 0x0000000710700000| Complete 
| 216|0x0000000710800000, 0x0000000710900000, 0x0000000710900000|100%| E|CS|TAMS 0x0000000710800000, 0x0000000710800000| Complete 
| 217|0x0000000710900000, 0x0000000710a00000, 0x0000000710a00000|100%| E|CS|TAMS 0x0000000710900000, 0x0000000710900000| Complete 
| 218|0x0000000710a00000, 0x0000000710b00000, 0x0000000710b00000|100%| E|CS|TAMS 0x0000000710a00000, 0x0000000710a00000| Complete 
| 219|0x0000000710b00000, 0x0000000710c00000, 0x0000000710c00000|100%| E|CS|TAMS 0x0000000710b00000, 0x0000000710b00000| Complete 
| 220|0x0000000710c00000, 0x0000000710d00000, 0x0000000710d00000|100%| E|CS|TAMS 0x0000000710c00000, 0x0000000710c00000| Complete 
| 221|0x0000000710d00000, 0x0000000710e00000, 0x0000000710e00000|100%| E|CS|TAMS 0x0000000710d00000, 0x0000000710d00000| Complete 
| 222|0x0000000710e00000, 0x0000000710f00000, 0x0000000710f00000|100%| E|CS|TAMS 0x0000000710e00000, 0x0000000710e00000| Complete 
| 223|0x0000000710f00000, 0x0000000711000000, 0x0000000711000000|100%| E|CS|TAMS 0x0000000710f00000, 0x0000000710f00000| Complete 
| 224|0x0000000711000000, 0x0000000711100000, 0x0000000711100000|100%| E|CS|TAMS 0x0000000711000000, 0x0000000711000000| Complete 
| 225|0x0000000711100000, 0x0000000711200000, 0x0000000711200000|100%| E|CS|TAMS 0x0000000711100000, 0x0000000711100000| Complete 
| 226|0x0000000711200000, 0x0000000711300000, 0x0000000711300000|100%| E|CS|TAMS 0x0000000711200000, 0x0000000711200000| Complete 
| 227|0x0000000711300000, 0x0000000711400000, 0x0000000711400000|100%| E|CS|TAMS 0x0000000711300000, 0x0000000711300000| Complete 
| 228|0x0000000711400000, 0x0000000711500000, 0x0000000711500000|100%| E|CS|TAMS 0x0000000711400000, 0x0000000711400000| Complete 
| 229|0x0000000711500000, 0x0000000711600000, 0x0000000711600000|100%| E|CS|TAMS 0x0000000711500000, 0x0000000711500000| Complete 
| 230|0x0000000711600000, 0x0000000711700000, 0x0000000711700000|100%| E|CS|TAMS 0x0000000711600000, 0x0000000711600000| Complete 
| 231|0x0000000711700000, 0x0000000711800000, 0x0000000711800000|100%| E|CS|TAMS 0x0000000711700000, 0x0000000711700000| Complete 
| 232|0x0000000711800000, 0x0000000711900000, 0x0000000711900000|100%| E|CS|TAMS 0x0000000711800000, 0x0000000711800000| Complete 
| 233|0x0000000711900000, 0x0000000711a00000, 0x0000000711a00000|100%| E|CS|TAMS 0x0000000711900000, 0x0000000711900000| Complete 
| 234|0x0000000711a00000, 0x0000000711b00000, 0x0000000711b00000|100%| E|CS|TAMS 0x0000000711a00000, 0x0000000711a00000| Complete 
| 235|0x0000000711b00000, 0x0000000711c00000, 0x0000000711c00000|100%| E|CS|TAMS 0x0000000711b00000, 0x0000000711b00000| Complete 
| 236|0x0000000711c00000, 0x0000000711d00000, 0x0000000711d00000|100%| E|CS|TAMS 0x0000000711c00000, 0x0000000711c00000| Complete 
| 237|0x0000000711d00000, 0x0000000711e00000, 0x0000000711e00000|100%| E|CS|TAMS 0x0000000711d00000, 0x0000000711d00000| Complete 
| 238|0x0000000711e00000, 0x0000000711f00000, 0x0000000711f00000|100%| E|CS|TAMS 0x0000000711e00000, 0x0000000711e00000| Complete 
| 239|0x0000000711f00000, 0x0000000712000000, 0x0000000712000000|100%| E|CS|TAMS 0x0000000711f00000, 0x0000000711f00000| Complete 
| 240|0x0000000712000000, 0x0000000712100000, 0x0000000712100000|100%| E|CS|TAMS 0x0000000712000000, 0x0000000712000000| Complete 
| 241|0x0000000712100000, 0x0000000712200000, 0x0000000712200000|100%| E|CS|TAMS 0x0000000712100000, 0x0000000712100000| Complete 
| 242|0x0000000712200000, 0x0000000712300000, 0x0000000712300000|100%| E|CS|TAMS 0x0000000712200000, 0x0000000712200000| Complete 
| 243|0x0000000712300000, 0x0000000712400000, 0x0000000712400000|100%| E|CS|TAMS 0x0000000712300000, 0x0000000712300000| Complete 
| 244|0x0000000712400000, 0x0000000712500000, 0x0000000712500000|100%| E|CS|TAMS 0x0000000712400000, 0x0000000712400000| Complete 
| 245|0x0000000712500000, 0x0000000712600000, 0x0000000712600000|100%| E|CS|TAMS 0x0000000712500000, 0x0000000712500000| Complete 
| 246|0x0000000712600000, 0x0000000712700000, 0x0000000712700000|100%| E|CS|TAMS 0x0000000712600000, 0x0000000712600000| Complete 
| 247|0x0000000712700000, 0x0000000712800000, 0x0000000712800000|100%| E|CS|TAMS 0x0000000712700000, 0x0000000712700000| Complete 
| 248|0x0000000712800000, 0x0000000712900000, 0x0000000712900000|100%| E|CS|TAMS 0x0000000712800000, 0x0000000712800000| Complete 
| 249|0x0000000712900000, 0x0000000712a00000, 0x0000000712a00000|100%| E|CS|TAMS 0x0000000712900000, 0x0000000712900000| Complete 
| 250|0x0000000712a00000, 0x0000000712b00000, 0x0000000712b00000|100%| E|CS|TAMS 0x0000000712a00000, 0x0000000712a00000| Complete 
| 251|0x0000000712b00000, 0x0000000712c00000, 0x0000000712c00000|100%| E|CS|TAMS 0x0000000712b00000, 0x0000000712b00000| Complete 
| 252|0x0000000712c00000, 0x0000000712d00000, 0x0000000712d00000|100%| E|CS|TAMS 0x0000000712c00000, 0x0000000712c00000| Complete 
| 253|0x0000000712d00000, 0x0000000712e00000, 0x0000000712e00000|100%| E|CS|TAMS 0x0000000712d00000, 0x0000000712d00000| Complete 
| 254|0x0000000712e00000, 0x0000000712f00000, 0x0000000712f00000|100%| E|CS|TAMS 0x0000000712e00000, 0x0000000712e00000| Complete 
| 255|0x0000000712f00000, 0x0000000713000000, 0x0000000713000000|100%| E|CS|TAMS 0x0000000712f00000, 0x0000000712f00000| Complete 
| 256|0x0000000713000000, 0x0000000713100000, 0x0000000713100000|100%| E|CS|TAMS 0x0000000713000000, 0x0000000713000000| Complete 
| 257|0x0000000713100000, 0x0000000713200000, 0x0000000713200000|100%| E|CS|TAMS 0x0000000713100000, 0x0000000713100000| Complete 
| 258|0x0000000713200000, 0x0000000713300000, 0x0000000713300000|100%| E|CS|TAMS 0x0000000713200000, 0x0000000713200000| Complete 
| 259|0x0000000713300000, 0x0000000713400000, 0x0000000713400000|100%| E|CS|TAMS 0x0000000713300000, 0x0000000713300000| Complete 
| 260|0x0000000713400000, 0x0000000713500000, 0x0000000713500000|100%| E|CS|TAMS 0x0000000713400000, 0x0000000713400000| Complete 
| 261|0x0000000713500000, 0x0000000713600000, 0x0000000713600000|100%| E|CS|TAMS 0x0000000713500000, 0x0000000713500000| Complete 
| 262|0x0000000713600000, 0x0000000713700000, 0x0000000713700000|100%| E|CS|TAMS 0x0000000713600000, 0x0000000713600000| Complete 
| 263|0x0000000713700000, 0x0000000713800000, 0x0000000713800000|100%| E|CS|TAMS 0x0000000713700000, 0x0000000713700000| Complete 
| 264|0x0000000713800000, 0x0000000713900000, 0x0000000713900000|100%| E|CS|TAMS 0x0000000713800000, 0x0000000713800000| Complete 
| 265|0x0000000713900000, 0x0000000713a00000, 0x0000000713a00000|100%| E|CS|TAMS 0x0000000713900000, 0x0000000713900000| Complete 
| 266|0x0000000713a00000, 0x0000000713b00000, 0x0000000713b00000|100%| E|CS|TAMS 0x0000000713a00000, 0x0000000713a00000| Complete 
| 267|0x0000000713b00000, 0x0000000713c00000, 0x0000000713c00000|100%| E|CS|TAMS 0x0000000713b00000, 0x0000000713b00000| Complete 
| 268|0x0000000713c00000, 0x0000000713d00000, 0x0000000713d00000|100%| E|CS|TAMS 0x0000000713c00000, 0x0000000713c00000| Complete 
| 269|0x0000000713d00000, 0x0000000713e00000, 0x0000000713e00000|100%| E|CS|TAMS 0x0000000713d00000, 0x0000000713d00000| Complete 
| 270|0x0000000713e00000, 0x0000000713f00000, 0x0000000713f00000|100%| E|CS|TAMS 0x0000000713e00000, 0x0000000713e00000| Complete 
| 271|0x0000000713f00000, 0x0000000714000000, 0x0000000714000000|100%| E|CS|TAMS 0x0000000713f00000, 0x0000000713f00000| Complete 
| 272|0x0000000714000000, 0x0000000714100000, 0x0000000714100000|100%| E|CS|TAMS 0x0000000714000000, 0x0000000714000000| Complete 
| 273|0x0000000714100000, 0x0000000714200000, 0x0000000714200000|100%| E|CS|TAMS 0x0000000714100000, 0x0000000714100000| Complete 
| 274|0x0000000714200000, 0x0000000714300000, 0x0000000714300000|100%| E|CS|TAMS 0x0000000714200000, 0x0000000714200000| Complete 
| 275|0x0000000714300000, 0x0000000714400000, 0x0000000714400000|100%| E|CS|TAMS 0x0000000714300000, 0x0000000714300000| Complete 
| 276|0x0000000714400000, 0x0000000714500000, 0x0000000714500000|100%| E|CS|TAMS 0x0000000714400000, 0x0000000714400000| Complete 
| 277|0x0000000714500000, 0x0000000714600000, 0x0000000714600000|100%| E|CS|TAMS 0x0000000714500000, 0x0000000714500000| Complete 
| 278|0x0000000714600000, 0x0000000714700000, 0x0000000714700000|100%| E|CS|TAMS 0x0000000714600000, 0x0000000714600000| Complete 
| 279|0x0000000714700000, 0x0000000714800000, 0x0000000714800000|100%| E|CS|TAMS 0x0000000714700000, 0x0000000714700000| Complete 
| 280|0x0000000714800000, 0x0000000714900000, 0x0000000714900000|100%| E|CS|TAMS 0x0000000714800000, 0x0000000714800000| Complete 
| 281|0x0000000714900000, 0x0000000714a00000, 0x0000000714a00000|100%| E|CS|TAMS 0x0000000714900000, 0x0000000714900000| Complete 
| 282|0x0000000714a00000, 0x0000000714b00000, 0x0000000714b00000|100%| E|CS|TAMS 0x0000000714a00000, 0x0000000714a00000| Complete 
| 283|0x0000000714b00000, 0x0000000714c00000, 0x0000000714c00000|100%| E|CS|TAMS 0x0000000714b00000, 0x0000000714b00000| Complete 
| 284|0x0000000714c00000, 0x0000000714d00000, 0x0000000714d00000|100%| E|CS|TAMS 0x0000000714c00000, 0x0000000714c00000| Complete 
| 285|0x0000000714d00000, 0x0000000714e00000, 0x0000000714e00000|100%| E|CS|TAMS 0x0000000714d00000, 0x0000000714d00000| Complete 
| 286|0x0000000714e00000, 0x0000000714f00000, 0x0000000714f00000|100%| E|CS|TAMS 0x0000000714e00000, 0x0000000714e00000| Complete 
| 287|0x0000000714f00000, 0x0000000715000000, 0x0000000715000000|100%| E|CS|TAMS 0x0000000714f00000, 0x0000000714f00000| Complete 
| 288|0x0000000715000000, 0x0000000715100000, 0x0000000715100000|100%| E|CS|TAMS 0x0000000715000000, 0x0000000715000000| Complete 
| 289|0x0000000715100000, 0x0000000715200000, 0x0000000715200000|100%| E|CS|TAMS 0x0000000715100000, 0x0000000715100000| Complete 
| 290|0x0000000715200000, 0x0000000715300000, 0x0000000715300000|100%| E|CS|TAMS 0x0000000715200000, 0x0000000715200000| Complete 
| 291|0x0000000715300000, 0x0000000715400000, 0x0000000715400000|100%| E|CS|TAMS 0x0000000715300000, 0x0000000715300000| Complete 
| 292|0x0000000715400000, 0x0000000715500000, 0x0000000715500000|100%| E|CS|TAMS 0x0000000715400000, 0x0000000715400000| Complete 
| 293|0x0000000715500000, 0x0000000715600000, 0x0000000715600000|100%| E|CS|TAMS 0x0000000715500000, 0x0000000715500000| Complete 
| 294|0x0000000715600000, 0x0000000715700000, 0x0000000715700000|100%| E|CS|TAMS 0x0000000715600000, 0x0000000715600000| Complete 
| 295|0x0000000715700000, 0x0000000715800000, 0x0000000715800000|100%| E|CS|TAMS 0x0000000715700000, 0x0000000715700000| Complete 
| 296|0x0000000715800000, 0x0000000715900000, 0x0000000715900000|100%| E|CS|TAMS 0x0000000715800000, 0x0000000715800000| Complete 
| 297|0x0000000715900000, 0x0000000715a00000, 0x0000000715a00000|100%| E|CS|TAMS 0x0000000715900000, 0x0000000715900000| Complete 
| 298|0x0000000715a00000, 0x0000000715b00000, 0x0000000715b00000|100%| E|CS|TAMS 0x0000000715a00000, 0x0000000715a00000| Complete 
| 299|0x0000000715b00000, 0x0000000715c00000, 0x0000000715c00000|100%| E|CS|TAMS 0x0000000715b00000, 0x0000000715b00000| Complete 
| 300|0x0000000715c00000, 0x0000000715d00000, 0x0000000715d00000|100%| E|CS|TAMS 0x0000000715c00000, 0x0000000715c00000| Complete 
| 301|0x0000000715d00000, 0x0000000715e00000, 0x0000000715e00000|100%| E|CS|TAMS 0x0000000715d00000, 0x0000000715d00000| Complete 
| 302|0x0000000715e00000, 0x0000000715f00000, 0x0000000715f00000|100%| E|CS|TAMS 0x0000000715e00000, 0x0000000715e00000| Complete 
| 303|0x0000000715f00000, 0x0000000716000000, 0x0000000716000000|100%| E|CS|TAMS 0x0000000715f00000, 0x0000000715f00000| Complete 
| 304|0x0000000716000000, 0x0000000716100000, 0x0000000716100000|100%| E|CS|TAMS 0x0000000716000000, 0x0000000716000000| Complete 

Card table byte_map: [0x00000168fc720000,0x00000168fcf10000] _byte_map_base: 0x00000168f8f08000

Marking Bits (Prev, Next): (CMBitMap*) 0x00000168e41a0b10, (CMBitMap*) 0x00000168e41a0ad8
 Prev Bits: [0x0000016883f40000, 0x0000016887e80000)
 Next Bits: [0x0000016880000000, 0x0000016883f40000)

Polling page: 0x00000168e2830000

Metaspace:

Usage:
  Non-class:     72.84 MB capacity,    71.16 MB ( 98%) used,     1.33 MB (  2%) free+waste,   359.94 KB ( <1%) overhead. 
      Class:     11.66 MB capacity,    10.55 MB ( 91%) used,   964.97 KB (  8%) free+waste,   168.69 KB (  1%) overhead. 
       Both:     84.50 MB capacity,    81.71 MB ( 97%) used,     2.27 MB (  3%) free+waste,   528.63 KB ( <1%) overhead. 

Virtual space:
  Non-class space:       74.00 MB reserved,      73.00 MB ( 99%) committed 
      Class space:        1.00 GB reserved,      11.75 MB (  1%) committed 
             Both:        1.07 GB reserved,      84.75 MB (  8%) committed 

Chunk freelists:
   Non-Class:  4.50 KB
       Class:  0 bytes
        Both:  4.50 KB

CodeHeap 'non-profiled nmethods': size=120000Kb used=6113Kb max_used=6113Kb free=113886Kb
 bounds [0x00000168f3fa0000, 0x00000168f45a0000, 0x00000168fb4d0000]
CodeHeap 'profiled nmethods': size=120000Kb used=18612Kb max_used=18612Kb free=101388Kb
 bounds [0x00000168eca70000, 0x00000168edca0000, 0x00000168f3fa0000]
CodeHeap 'non-nmethods': size=5760Kb used=1268Kb max_used=1322Kb free=4491Kb
 bounds [0x00000168ec4d0000, 0x00000168ec740000, 0x00000168eca70000]
 total_blobs=10310 nmethods=7863 adapters=542
 compilation: enabled
              stopped_count=0, restarted_count=0
 full_count=0

Compilation events (10 events):
Event: 9.630 Thread 0x0000016888a96000 8124       2       antlr.CharQueue::elementAt (17 bytes)
Event: 9.630 Thread 0x0000016888a96000 nmethod 8124 0x00000168edc91d10 code [0x00000168edc91ec0, 0x00000168edc92058]
Event: 9.630 Thread 0x0000016888a96000 8120       2       antlr.InputBuffer::LA (21 bytes)
Event: 9.630 Thread 0x0000016888a96000 nmethod 8120 0x00000168edc92110 code [0x00000168edc922e0, 0x00000168edc924d0]
Event: 9.630 Thread 0x0000016888a96000 8122       2       antlr.CharScanner::LA (35 bytes)
Event: 9.630 Thread 0x0000016888a96000 nmethod 8122 0x00000168edc92610 code [0x00000168edc92800, 0x00000168edc92b60]
Event: 9.630 Thread 0x0000016888a96000 8125       1       antlr.Token::getType (5 bytes)
Event: 9.630 Thread 0x0000016888a96000 nmethod 8125 0x00000168f4597890 code [0x00000168f4597a40, 0x00000168f4597b58]
Event: 9.630 Thread 0x0000016888a96000 8126       1       antlr.ANTLRStringBuffer::length (5 bytes)
Event: 9.630 Thread 0x0000016888a96000 nmethod 8126 0x00000168f4597c10 code [0x00000168f4597dc0, 0x00000168f4597ed8]

GC Heap History (10 events):
Event: 2.341 GC heap before
{Heap before GC invocations=5 (full 0):
 garbage-first heap   total 260096K, used 143626K [0x0000000703000000, 0x0000000800000000)
  region size 1024K, 138 young (141312K), 8 survivors (8192K)
 Metaspace       used 34750K, capacity 35718K, committed 35840K, reserved 1081344K
  class space    used 4104K, capacity 4510K, committed 4608K, reserved 1048576K
}
Event: 2.352 GC heap after
{Heap after GC invocations=6 (full 0):
 garbage-first heap   total 260096K, used 15442K [0x0000000703000000, 0x0000000800000000)
  region size 1024K, 11 young (11264K), 11 survivors (11264K)
 Metaspace       used 34750K, capacity 35718K, committed 35840K, reserved 1081344K
  class space    used 4104K, capacity 4510K, committed 4608K, reserved 1048576K
}
Event: 3.581 GC heap before
{Heap before GC invocations=7 (full 0):
 garbage-first heap   total 260096K, used 158802K [0x0000000703000000, 0x0000000800000000)
  region size 1024K, 152 young (155648K), 11 survivors (11264K)
 Metaspace       used 43534K, capacity 44822K, committed 45056K, reserved 1089536K
  class space    used 5260K, capacity 5796K, committed 5888K, reserved 1048576K
}
Event: 3.593 GC heap after
{Heap after GC invocations=8 (full 0):
 garbage-first heap   total 312320K, used 20753K [0x0000000703000000, 0x0000000800000000)
  region size 1024K, 13 young (13312K), 13 survivors (13312K)
 Metaspace       used 43534K, capacity 44822K, committed 45056K, reserved 1089536K
  class space    used 5260K, capacity 5796K, committed 5888K, reserved 1048576K
}
Event: 5.208 GC heap before
{Heap before GC invocations=8 (full 0):
 garbage-first heap   total 312320K, used 173329K [0x0000000703000000, 0x0000000800000000)
  region size 1024K, 164 young (167936K), 13 survivors (13312K)
 Metaspace       used 58557K, capacity 59992K, committed 60160K, reserved 1101824K
  class space    used 7330K, capacity 7925K, committed 7936K, reserved 1048576K
}
Event: 5.224 GC heap after
{Heap after GC invocations=9 (full 0):
 garbage-first heap   total 312320K, used 25988K [0x0000000703000000, 0x0000000800000000)
  region size 1024K, 17 young (17408K), 17 survivors (17408K)
 Metaspace       used 58557K, capacity 59992K, committed 60160K, reserved 1101824K
  class space    used 7330K, capacity 7925K, committed 7936K, reserved 1048576K
}
Event: 7.156 GC heap before
{Heap before GC invocations=10 (full 0):
 garbage-first heap   total 312320K, used 195972K [0x0000000703000000, 0x0000000800000000)
  region size 1024K, 183 young (187392K), 17 survivors (17408K)
 Metaspace       used 72410K, capacity 74385K, committed 74624K, reserved 1114112K
  class space    used 9234K, capacity 10014K, committed 10112K, reserved 1048576K
}
Event: 7.170 GC heap after
{Heap after GC invocations=11 (full 0):
 garbage-first heap   total 312320K, used 34796K [0x0000000703000000, 0x0000000800000000)
  region size 1024K, 20 young (20480K), 20 survivors (20480K)
 Metaspace       used 72410K, capacity 74385K, committed 74624K, reserved 1114112K
  class space    used 9234K, capacity 10014K, committed 10112K, reserved 1048576K
}
Event: 8.467 GC heap before
{Heap before GC invocations=11 (full 0):
 garbage-first heap   total 312320K, used 201708K [0x0000000703000000, 0x0000000800000000)
  region size 1024K, 183 young (187392K), 20 survivors (20480K)
 Metaspace       used 77985K, capacity 80162K, committed 80384K, reserved 1118208K
  class space    used 10022K, capacity 10910K, committed 11008K, reserved 1048576K
}
Event: 8.481 GC heap after
{Heap after GC invocations=12 (full 0):
 garbage-first heap   total 312320K, used 43163K [0x0000000703000000, 0x0000000800000000)
  region size 1024K, 18 young (18432K), 18 survivors (18432K)
 Metaspace       used 77985K, capacity 80162K, committed 80384K, reserved 1118208K
  class space    used 10022K, capacity 10910K, committed 11008K, reserved 1048576K
}

Deoptimization events (10 events):
Event: 9.166 Thread 0x0000016889f94800 Uncommon trap: reason=null_check action=make_not_entrant pc=0x00000168f452389c method=org.springframework.core.annotation.AnnotationsScanner.processClassHierarchy(Ljava/lang/Object;[ILjava/lang/Class;Lorg/springframework/core/annotation/AnnotationsProcess
Event: 9.186 Thread 0x0000016889f94800 Uncommon trap: reason=unstable_if action=reinterpret pc=0x00000168f44b36c8 method=java.util.HashMap.removeNode(ILjava/lang/Object;Ljava/lang/Object;ZZ)Ljava/util/HashMap$Node; @ 71 c2
Event: 9.515 Thread 0x0000016889f94800 Uncommon trap: reason=unstable_if action=reinterpret pc=0x00000168f4122534 method=java.lang.String.equals(Ljava/lang/Object;)Z @ 27 c2
Event: 9.515 Thread 0x0000016889f94800 Uncommon trap: reason=unstable_if action=reinterpret pc=0x00000168f401c218 method=java.lang.String.startsWith(Ljava/lang/String;I)Z @ 46 c2
Event: 9.574 Thread 0x0000016889f94800 Uncommon trap: reason=class_check action=maybe_recompile pc=0x00000168f43be940 method=org.springframework.util.ConcurrentReferenceHashMap$ReferenceManager.pollForPurge()Lorg/springframework/util/ConcurrentReferenceHashMap$Reference; @ 7 c2
Event: 9.574 Thread 0x0000016889f94800 Uncommon trap: reason=class_check action=maybe_recompile pc=0x00000168f43be940 method=org.springframework.util.ConcurrentReferenceHashMap$ReferenceManager.pollForPurge()Lorg/springframework/util/ConcurrentReferenceHashMap$Reference; @ 7 c2
Event: 9.574 Thread 0x0000016889f94800 Uncommon trap: reason=class_check action=maybe_recompile pc=0x00000168f43be940 method=org.springframework.util.ConcurrentReferenceHashMap$ReferenceManager.pollForPurge()Lorg/springframework/util/ConcurrentReferenceHashMap$Reference; @ 7 c2
Event: 9.574 Thread 0x0000016889f94800 Uncommon trap: reason=class_check action=maybe_recompile pc=0x00000168f43be940 method=org.springframework.util.ConcurrentReferenceHashMap$ReferenceManager.pollForPurge()Lorg/springframework/util/ConcurrentReferenceHashMap$Reference; @ 7 c2
Event: 9.577 Thread 0x0000016889f94800 Uncommon trap: reason=unstable_if action=reinterpret pc=0x00000168f456e95c method=org.springframework.core.ResolvableType.resolveType()Lorg/springframework/core/ResolvableType; @ 37 c2
Event: 9.629 Thread 0x0000016889f94800 Uncommon trap: reason=unstable_if action=reinterpret pc=0x00000168f3fb5564 method=java.lang.CharacterData.of(I)Ljava/lang/CharacterData; @ 4 c2

Classes redefined (0 events):
No events

Internal exceptions (10 events):
Event: 9.093 Thread 0x0000016889f94800 Exception <a 'java/lang/NoSuchMethodError'{0x000000071202b490}: java.lang.invoke.Invokers$Holder.linkToTargetMethod(Ljava/lang/Object;Ljava/lang/Object;ILjava/lang/Object;)Ljava/lang/Object;> (0x000000071202b490) thrown at [t:/workspace/open/src/hotspot/s
Event: 9.166 Thread 0x0000016889f94800 Implicit null exception at 0x00000168f43a9e68 to 0x00000168f43aa926
Event: 9.166 Thread 0x0000016889f94800 Implicit null exception at 0x00000168f44f0493 to 0x00000168f44f99f7
Event: 9.166 Thread 0x0000016889f94800 Implicit null exception at 0x00000168f451e2af to 0x00000168f452387e
Event: 9.539 Thread 0x0000016889f94800 Exception <a 'java/lang/ClassNotFoundException'{0x000000070e624028}: io/itamarc/mymovieslistapi/security/UserPrincipalBeanInfo> (0x000000070e624028) thrown at [t:/workspace/open/src/hotspot/share/classfile/systemDictionary.cpp, line 231]
Event: 9.540 Thread 0x0000016889f94800 Exception <a 'java/lang/ClassNotFoundException'{0x000000070e639970}: io/itamarc/mymovieslistapi/security/UserPrincipalCustomizer> (0x000000070e639970) thrown at [t:/workspace/open/src/hotspot/share/classfile/systemDictionary.cpp, line 231]
Event: 9.545 Thread 0x0000016889f94800 Exception <a 'java/lang/ClassNotFoundException'{0x000000070e69fe38}: java/util/CollectionBeanInfo> (0x000000070e69fe38) thrown at [t:/workspace/open/src/hotspot/share/classfile/systemDictionary.cpp, line 231]
Event: 9.545 Thread 0x0000016889f94800 Exception <a 'java/lang/ClassNotFoundException'{0x000000070e6a1a00}: java/util/CollectionCustomizer> (0x000000070e6a1a00) thrown at [t:/workspace/open/src/hotspot/share/classfile/systemDictionary.cpp, line 231]
Event: 9.546 Thread 0x0000016889f94800 Exception <a 'java/lang/ClassNotFoundException'{0x000000070e6d7b28}: org/springframework/security/core/GrantedAuthorityBeanInfo> (0x000000070e6d7b28) thrown at [t:/workspace/open/src/hotspot/share/classfile/systemDictionary.cpp, line 231]
Event: 9.547 Thread 0x0000016889f94800 Exception <a 'java/lang/ClassNotFoundException'{0x000000070e6ec410}: org/springframework/security/core/GrantedAuthorityCustomizer> (0x000000070e6ec410) thrown at [t:/workspace/open/src/hotspot/share/classfile/systemDictionary.cpp, line 231]

Events (10 events):
Event: 9.628 loading class antlr/CommonAST
Event: 9.628 loading class antlr/CommonAST done
Event: 9.628 loading class antlr/BaseAST
Event: 9.628 loading class antlr/BaseAST done
Event: 9.628 loading class antlr/collections/ASTEnumeration
Event: 9.628 loading class antlr/collections/ASTEnumeration done
Event: 9.629 Thread 0x0000016889f94800 Uncommon trap: trap_request=0xffffff4d fr.pc=0x00000168f3fb5564 relative=0x0000000000000044
Event: 9.629 Thread 0x0000016889f94800 DEOPT PACKING pc=0x00000168f3fb5564 sp=0x0000002b4dbfb4f0
Event: 9.629 Thread 0x0000016889f94800 DEOPT UNPACKING pc=0x00000168ec4f91af sp=0x0000002b4dbfb488 mode 2
Event: 9.629 loading class java/lang/CharacterData00


Dynamic libraries:
0x00007ff67b900000 - 0x00007ff67b945000 	D:\bin\jdk-11\bin\java.exe
0x00007ffec7b40000 - 0x00007ffec7d49000 	C:\WINDOWS\SYSTEM32\ntdll.dll
0x00007ffec6290000 - 0x00007ffec634d000 	C:\WINDOWS\System32\KERNEL32.DLL
0x00007ffec52a0000 - 0x00007ffec5614000 	C:\WINDOWS\System32\KERNELBASE.dll
0x00007ffebe000000 - 0x00007ffebe091000 	C:\WINDOWS\SYSTEM32\apphelp.dll
0x00007ffec7950000 - 0x00007ffec7afc000 	C:\WINDOWS\System32\USER32.dll
0x00007ffec5150000 - 0x00007ffec5176000 	C:\WINDOWS\System32\win32u.dll
0x00007ffec6000000 - 0x00007ffec6029000 	C:\WINDOWS\System32\GDI32.dll
0x00007ffec5030000 - 0x00007ffec5142000 	C:\WINDOWS\System32\gdi32full.dll
0x00007ffec5200000 - 0x00007ffec529d000 	C:\WINDOWS\System32\msvcp_win.dll
0x00007ffec5690000 - 0x00007ffec57a1000 	C:\WINDOWS\System32\ucrtbase.dll
0x00007ffea8710000 - 0x00007ffea89b5000 	C:\WINDOWS\WinSxS\amd64_microsoft.windows.common-controls_6595b64144ccf1df_6.0.22000.120_none_9d947278b86cc467\COMCTL32.dll
0x00007ffec6a70000 - 0x00007ffec6b13000 	C:\WINDOWS\System32\msvcrt.dll
0x00007ffec7780000 - 0x00007ffec77b1000 	C:\WINDOWS\System32\IMM32.DLL
0x00007ffeb8330000 - 0x00007ffeb8346000 	D:\bin\jdk-11\bin\vcruntime140.dll
0x00007ffea18d0000 - 0x00007ffea197a000 	D:\bin\jdk-11\bin\msvcp140.dll
0x00007ffe3ab60000 - 0x00007ffe3b6a1000 	D:\bin\jdk-11\bin\server\jvm.dll
0x00007ffec6f20000 - 0x00007ffec6fce000 	C:\WINDOWS\System32\ADVAPI32.dll
0x00007ffec6da0000 - 0x00007ffec6e3e000 	C:\WINDOWS\System32\sechost.dll
0x00007ffec77c0000 - 0x00007ffec78e0000 	C:\WINDOWS\System32\RPCRT4.dll
0x00007ffec6040000 - 0x00007ffec6048000 	C:\WINDOWS\System32\PSAPI.DLL
0x00007ffeb0eb0000 - 0x00007ffeb0eb9000 	C:\WINDOWS\SYSTEM32\WSOCK32.dll
0x00007ffebafb0000 - 0x00007ffebafba000 	C:\WINDOWS\SYSTEM32\VERSION.dll
0x00007ffebc330000 - 0x00007ffebc363000 	C:\WINDOWS\SYSTEM32\WINMM.dll
0x00007ffec6eb0000 - 0x00007ffec6f1f000 	C:\WINDOWS\System32\WS2_32.dll
0x00007ffec41e0000 - 0x00007ffec41f8000 	C:\WINDOWS\SYSTEM32\kernel.appcore.dll
0x00007ffeb6b70000 - 0x00007ffeb6b81000 	D:\bin\jdk-11\bin\verify.dll
0x00007ffec2b30000 - 0x00007ffec2d51000 	C:\WINDOWS\SYSTEM32\DBGHELP.DLL
0x00007ffeb96c0000 - 0x00007ffeb96f1000 	C:\WINDOWS\SYSTEM32\dbgcore.DLL
0x00007ffec5180000 - 0x00007ffec51ff000 	C:\WINDOWS\System32\bcryptPrimitives.dll
0x00007ffea6690000 - 0x00007ffea66b8000 	D:\bin\jdk-11\bin\java.dll
0x00007ffeaee40000 - 0x00007ffeaee56000 	D:\bin\jdk-11\bin\zip.dll
0x00007ffeb6c70000 - 0x00007ffeb6c7a000 	D:\bin\jdk-11\bin\jimage.dll
0x00007ffec6fd0000 - 0x00007ffec777e000 	C:\WINDOWS\System32\SHELL32.dll
0x00007ffec3130000 - 0x00007ffec3998000 	C:\WINDOWS\SYSTEM32\windows.storage.dll
0x00007ffec5c80000 - 0x00007ffec5ff8000 	C:\WINDOWS\System32\combase.dll
0x00007ffec2fc0000 - 0x00007ffec3126000 	C:\WINDOWS\SYSTEM32\wintypes.dll
0x00007ffec5b90000 - 0x00007ffec5c7a000 	C:\WINDOWS\System32\SHCORE.dll
0x00007ffec59e0000 - 0x00007ffec5a3d000 	C:\WINDOWS\System32\shlwapi.dll
0x00007ffec4f60000 - 0x00007ffec4f81000 	C:\WINDOWS\SYSTEM32\profapi.dll
0x00007ffeae590000 - 0x00007ffeae5a9000 	D:\bin\jdk-11\bin\net.dll
0x00007ffebcf50000 - 0x00007ffebd05c000 	C:\WINDOWS\SYSTEM32\WINHTTP.dll
0x00007ffec4630000 - 0x00007ffec4697000 	C:\WINDOWS\system32\mswsock.dll
0x00007ffea6640000 - 0x00007ffea6653000 	D:\bin\jdk-11\bin\nio.dll
0x00007ffeb6b60000 - 0x00007ffeb6b69000 	D:\bin\jdk-11\bin\management.dll
0x00007ffeae610000 - 0x00007ffeae61c000 	D:\bin\jdk-11\bin\management_ext.dll
0x00007ffea90e0000 - 0x00007ffea90f7000 	C:\WINDOWS\system32\napinsp.dll
0x00007ffea90c0000 - 0x00007ffea90db000 	C:\WINDOWS\system32\pnrpnsp.dll
0x00007ffec3d90000 - 0x00007ffec3e77000 	C:\WINDOWS\SYSTEM32\DNSAPI.dll
0x00007ffec3d10000 - 0x00007ffec3d3d000 	C:\WINDOWS\SYSTEM32\IPHLPAPI.DLL
0x00007ffec68c0000 - 0x00007ffec68c9000 	C:\WINDOWS\System32\NSI.dll
0x00007ffea90a0000 - 0x00007ffea90b2000 	C:\WINDOWS\System32\winrnr.dll
0x00007ffea8b30000 - 0x00007ffea8b45000 	C:\WINDOWS\system32\wshbth.dll
0x00007ffea8b10000 - 0x00007ffea8b2f000 	C:\WINDOWS\system32\nlansp_c.dll
0x00007ffebb910000 - 0x00007ffebb91a000 	C:\Windows\System32\rasadhlp.dll
0x00007ffebb180000 - 0x00007ffebb201000 	C:\WINDOWS\System32\fwpuclnt.dll
0x00007ffec4890000 - 0x00007ffec48a8000 	C:\WINDOWS\SYSTEM32\CRYPTSP.dll
0x00007ffec4140000 - 0x00007ffec4175000 	C:\WINDOWS\system32\rsaenh.dll
0x00007ffec4740000 - 0x00007ffec4769000 	C:\WINDOWS\SYSTEM32\USERENV.dll
0x00007ffec4a10000 - 0x00007ffec4a37000 	C:\WINDOWS\SYSTEM32\bcrypt.dll
0x00007ffec48b0000 - 0x00007ffec48bc000 	C:\WINDOWS\SYSTEM32\CRYPTBASE.dll
0x00007ffebc310000 - 0x00007ffebc329000 	C:\WINDOWS\SYSTEM32\dhcpcsvc6.DLL
0x00007ffebc750000 - 0x00007ffebc76e000 	C:\WINDOWS\SYSTEM32\dhcpcsvc.DLL

dbghelp: loaded successfully - version: 4.0.5 - missing functions: none
symbol engine: initialized successfully - sym options: 0x614 - pdb path: .;D:\bin\jdk-11\bin;C:\WINDOWS\SYSTEM32;C:\WINDOWS\WinSxS\amd64_microsoft.windows.common-controls_6595b64144ccf1df_6.0.22000.120_none_9d947278b86cc467;D:\bin\jdk-11\bin\server

VM Arguments:
jvm_args: -Dcom.sun.management.jmxremote -Dcom.sun.management.jmxremote.port=56162 -Dcom.sun.management.jmxremote.authenticate=false -Dcom.sun.management.jmxremote.ssl=false -Djava.rmi.server.hostname=localhost -Dspring.application.admin.enabled=true -Dspring.jmx.enabled=true -Dfile.encoding=UTF-8 
java_command: io.itamarc.mymovieslistapi.MymovieslistApiApplication --spring.profiles.active=dev
java_class_path (initial): D:\itamar\Documents\Pessoal\Estudos\mymovieslist-api\target\classes;C:\Users\itamar\.m2\repository\org\springframework\boot\spring-boot-starter-data-jpa\2.6.2\spring-boot-starter-data-jpa-2.6.2.jar;C:\Users\itamar\.m2\repository\org\springframework\boot\spring-boot-starter-aop\2.6.2\spring-boot-starter-aop-2.6.2.jar;C:\Users\itamar\.m2\repository\org\aspectj\aspectjweaver\1.9.7\aspectjweaver-1.9.7.jar;C:\Users\itamar\.m2\repository\org\springframework\boot\spring-boot-starter-jdbc\2.6.2\spring-boot-starter-jdbc-2.6.2.jar;C:\Users\itamar\.m2\repository\com\zaxxer\HikariCP\4.0.3\HikariCP-4.0.3.jar;C:\Users\itamar\.m2\repository\org\springframework\spring-jdbc\5.3.14\spring-jdbc-5.3.14.jar;C:\Users\itamar\.m2\repository\jakarta\transaction\jakarta.transaction-api\1.3.3\jakarta.transaction-api-1.3.3.jar;C:\Users\itamar\.m2\repository\jakarta\persistence\jakarta.persistence-api\2.2.3\jakarta.persistence-api-2.2.3.jar;C:\Users\itamar\.m2\repository\org\hibernate\hibernate-core\5.6.3.Final\hibernate-core-5.6.3.Final.jar;C:\Users\itamar\.m2\repository\org\jboss\logging\jboss-logging\3.4.2.Final\jboss-logging-3.4.2.Final.jar;C:\Users\itamar\.m2\repository\net\bytebuddy\byte-buddy\1.11.22\byte-buddy-1.11.22.jar;C:\Users\itamar\.m2\repository\antlr\antlr\2.7.7\antlr-2.7.7.jar;C:\Users\itamar\.m2\repository\org\jboss\jandex\2.2.3.Final\jandex-2.2.3.Final.jar;C:\Users\itamar\.m2\repository\org\hibernate\common\hibernate-commons-annotations\5.1.2.Final\hibernate-commons-annotations-5.1.2.Final.jar;C:\Users\itamar\.m2\repository\org\glassfish\jaxb\jaxb-runtime\2.3.5\jaxb-runtime-2.3.5.jar;C:\Users\itamar\.m2\repository\org\glassfish\jaxb\txw2\2.3.5\txw2-2.3.5.jar;C:\Users\itamar\.m2\repository\com\sun\istack\istack-commons-runtime\3.0.12\istack-commons-runtime-3.0.12.jar;C:\Users\itamar\.m2\repository\com\sun\activation\jakarta.activation\1.2.2\jakarta.activation-1.2.2.jar;C:\Users\itamar\.m2\repository\org\springframework\data\spring-data-jpa\2.6.0\sp
Launcher Type: SUN_STANDARD

[Global flags]
     intx CICompilerCount                          = 4                                         {product} {ergonomic}
     uint ConcGCThreads                            = 2                                         {product} {ergonomic}
     uint G1ConcRefinementThreads                  = 8                                         {product} {ergonomic}
   size_t G1HeapRegionSize                         = 1048576                                   {product} {ergonomic}
    uintx GCDrainStackTargetSize                   = 64                                        {product} {ergonomic}
   size_t InitialHeapSize                          = 266338304                                 {product} {ergonomic}
     bool ManagementServer                         = true                                      {product} {command line}
   size_t MarkStackSize                            = 4194304                                   {product} {ergonomic}
   size_t MaxHeapSize                              = 4244635648                                {product} {ergonomic}
   size_t MaxNewSize                               = 2545942528                                {product} {ergonomic}
   size_t MinHeapDeltaBytes                        = 1048576                                   {product} {ergonomic}
    uintx NonNMethodCodeHeapSize                   = 5835340                                {pd product} {ergonomic}
    uintx NonProfiledCodeHeapSize                  = 122911450                              {pd product} {ergonomic}
    uintx ProfiledCodeHeapSize                     = 122911450                              {pd product} {ergonomic}
    uintx ReservedCodeCacheSize                    = 251658240                              {pd product} {ergonomic}
     bool SegmentedCodeCache                       = true                                      {product} {ergonomic}
     bool UseCompressedClassPointers               = true                                 {lp64_product} {ergonomic}
     bool UseCompressedOops                        = true                                 {lp64_product} {ergonomic}
     bool UseG1GC                                  = true                                      {product} {ergonomic}
     bool UseLargePagesIndividualAllocation        = false                                  {pd product} {ergonomic}

Logging:
Log output configuration:
 #0: stdout all=warning uptime,level,tags
 #1: stderr all=off uptime,level,tags

Environment Variables:
JAVA_HOME=D:\bin\jdk-17
PATH=C:\Program Files (x86)\Google\Chrome\Application;C:\Windows\system32;C:\Windows;C:\Windows\System32\Wbem;C:\Windows\System32\WindowsPowerShell\v1.0\;C:\Windows\System32\OpenSSH\;C:\Program Files (x86)\NVIDIA Corporation\PhysX\Common;C:\Program Files\NVIDIA Corporation\NVIDIA NvDLISR;C:\WINDOWS\system32;C:\WINDOWS;C:\WINDOWS\System32\Wbem;C:\WINDOWS\System32\WindowsPowerShell\v1.0\;C:\WINDOWS\System32\OpenSSH\;C:\Program Files\Git\cmd;C:\Program Files\PuTTY\;D:\bin\apache-maven-3.8.1\bin;D:\bin\jdk-17\bin;D:\bin\nodejs\;C:\ProgramData\chocolatey\bin;C:\Users\itama\AppData\Local\Programs\Python\Python39\Scripts\;C:\Users\itama\AppData\Local\Programs\Python\Python39\;C:\Users\itamar\AppData\Local\Microsoft\WindowsApps;C:\Users\itama\AppData\Local\GitHubDesktop\bin;D:\itamar\Programs\Microsoft VS Code\bin;D:\mongodb-win32-x86_64-windows-4.4.6\bin;D:\bin\IntelliJ IDEA 2021.2.2\bin;;C:\Users\itama\AppData\Roaming\npm;C:\Users\itamar\AppData\Local\GitHubDesktop\bin
USERNAME=itamar
OS=Windows_NT
PROCESSOR_IDENTIFIER=Intel64 Family 6 Model 142 Stepping 12, GenuineIntel



---------------  S Y S T E M  ---------------

OS: Windows 10 , 64 bit Build 22000 (10.0.22000.434)

CPU:total 8 (initial active 8) (4 cores per cpu, 2 threads per core) family 6 model 142 stepping 12, cmov, cx8, fxsr, mmx, sse, sse2, sse3, ssse3, sse4.1, sse4.2, popcnt, avx, avx2, aes, clmul, erms, 3dnowpref, lzcnt, ht, tsc, tscinvbit, bmi1, bmi2, adx, fma

Memory: 4k page, system-wide physical 16190M (1054M free)
TotalPageFile size 29374M (AvailPageFile size 4M)
current process WorkingSet (physical memory assigned to process): 508M, peak: 512M
current process commit charge ("private bytes"): 621M, peak: 623M

vm_info: OpenJDK 64-Bit Server VM (11+28) for windows-amd64 JRE (11+28), built on Aug 23 2018 03:04:58 by "mach5one" with MS VC++ 15.5 (VS2017)

END.
